<?xml version="1.0" encoding="UTF-8"?>
<testng-results ignored="0" total="1" passed="1" failed="0" skipped="0">
  <reporter-output>
  </reporter-output>
  <suite started-at="2022-01-23T21:33:33 IST" name="Default suite" finished-at="2022-01-23T21:34:06 IST" duration-ms="32694">
    <groups>
    </groups>
    <test started-at="2022-01-23T21:33:33 IST" name="Default test" finished-at="2022-01-23T21:34:06 IST" duration-ms="32694">
      <class name="RAPID.NewTest">
        <test-method signature="f()[pri:0, instance:RAPID.NewTest@6fd83fc1]" started-at="2022-01-23T21:33:33 IST" name="f" finished-at="2022-01-23T21:34:06 IST" duration-ms="32531" status="PASS">
          <reporter-output>
          </reporter-output>
        </test-method> <!-- f -->
      </class> <!-- RAPID.NewTest -->
    </test> <!-- Default test -->
  </suite> <!-- Default suite -->
</testng-results>
